C51 COMPILER V9.60.7.0   MAIN                                                              10/14/2025 22:50:25 PAGE 1   


C51 COMPILER V9.60.7.0, COMPILATION OF MODULE MAIN
OBJECT MODULE PLACED IN .\Objects\main.obj
COMPILER INVOKED BY: D:\Keil_v5\C51\BIN\C51.EXE main.c OPTIMIZE(8,SPEED) BROWSE DEBUG OBJECTEXTEND PRINT(.\Listings\main
                    -.lst) TABS(2) OBJECT(.\Objects\main.obj)

line level    source

   1          #include "reg52.h"
   2          sbit LED1=P2^1;
   3          sbit LED2=P2^0;
   4          void main(){
   5   1        int i,a=0;
   6   1        while(1){
   7   2          LED1=0;
   8   2          LED2=1;
   9   2          for(i=0;i<30000;i++){a=1;}
  10   2          LED1=1;
  11   2          LED2=0;
  12   2          for(i=0;i<10000;i++){a=1;}
  13   2        }
  14   1      } 


MODULE INFORMATION:   STATIC OVERLAYABLE
   CODE SIZE        =     51    ----
   CONSTANT SIZE    =   ----    ----
   XDATA SIZE       =   ----    ----
   PDATA SIZE       =   ----    ----
   DATA SIZE        =   ----    ----
   IDATA SIZE       =   ----    ----
   BIT SIZE         =   ----    ----
END OF MODULE INFORMATION.


C51 COMPILATION COMPLETE.  0 WARNING(S),  0 ERROR(S)
